app/build/intermediates/manifest_merge_blame_file/debug/manifest-merger-blame-debug-report.txt
1<?xml version="1.0" encoding="utf-8"?>
2<manifest xmlns:android="http://schemas.android.com/apk/res/android"
3    package="com.example.donner"
4    android:versionCode="1"
5    android:versionName="1.0" >
6
7    <uses-sdk
8        android:minSdkVersion="21"
8-->src/main/AndroidManifest.xml
9        android:targetSdkVersion="31" />
9-->src/main/AndroidManifest.xml
10    <!--
11         The ACCESS_COARSE/FINE_LOCATION permissions are not required to use
12         Google Maps Android API v2, but you must specify either coarse or fine
13         location permissions for the "MyLocation" functionality.
14    -->
15    <uses-permission android:name="android.permission.ACCESS_FINE_LOCATION" />
15-->src/main/AndroidManifest.xml:10:5-79
15-->src/main/AndroidManifest.xml:10:22-76
16    <uses-permission android:name="android.permission.ACCESS_COARSE_LOCATION" />
16-->src/main/AndroidManifest.xml:11:5-81
16-->src/main/AndroidManifest.xml:11:22-78
17    <uses-permission android:name="android.permission.INTERNET" />
17-->src/main/AndroidManifest.xml:12:5-67
17-->src/main/AndroidManifest.xml:12:22-64
18    <uses-permission android:name="android.permission.READ_EXTERNAL_STORAGE" />
18-->src/main/AndroidManifest.xml:13:5-80
18-->src/main/AndroidManifest.xml:13:22-77
19    <uses-permission
19-->src/main/AndroidManifest.xml:14:5-16:38
20        android:name="android.permission.WRITE_EXTERNAL_STORAGE"
20-->src/main/AndroidManifest.xml:15:9-65
21        android:maxSdkVersion="28" />
21-->src/main/AndroidManifest.xml:16:9-35
22    <uses-permission android:name="android.permission.MANAGE_EXTERNAL_STORAGE" />
22-->src/main/AndroidManifest.xml:17:5-82
22-->src/main/AndroidManifest.xml:17:22-79
23    <uses-permission android:name="android.permission.ACCESS_NETWORK_STATE" />
23-->src/main/AndroidManifest.xml:18:5-79
23-->src/main/AndroidManifest.xml:18:22-76
24
25    <uses-feature
25-->[com.google.android.gms:play-services-maps:17.0.0] AndroidManifest.xml:26:5-28:35
26        android:glEsVersion="0x00020000"
26-->[com.google.android.gms:play-services-maps:17.0.0] AndroidManifest.xml:27:9-41
27        android:required="true" />
27-->[com.google.android.gms:play-services-maps:17.0.0] AndroidManifest.xml:28:9-32
28
29    <uses-permission android:name="android.permission.WAKE_LOCK" />
29-->[com.google.android.gms:play-services-measurement-api:19.0.1] AndroidManifest.xml:24:5-68
29-->[com.google.android.gms:play-services-measurement-api:19.0.1] AndroidManifest.xml:24:22-65
30    <uses-permission android:name="com.google.android.finsky.permission.BIND_GET_INSTALL_REFERRER_SERVICE" />
30-->[com.google.android.gms:play-services-measurement:19.0.1] AndroidManifest.xml:26:5-110
30-->[com.google.android.gms:play-services-measurement:19.0.1] AndroidManifest.xml:26:22-107
31
32    <application
32-->src/main/AndroidManifest.xml:20:5-83:19
33        android:allowBackup="true"
33-->src/main/AndroidManifest.xml:21:9-35
34        android:appComponentFactory="androidx.core.app.CoreComponentFactory"
34-->[androidx.core:core:1.5.0] AndroidManifest.xml:24:18-86
35        android:debuggable="true"
36        android:icon="@drawable/icon"
36-->src/main/AndroidManifest.xml:22:9-38
37        android:label="@string/app_name"
37-->src/main/AndroidManifest.xml:23:9-41
38        android:roundIcon="@mipmap/ic_launcher_round"
38-->src/main/AndroidManifest.xml:24:9-54
39        android:supportsRtl="true"
39-->src/main/AndroidManifest.xml:25:9-35
40        android:testOnly="true"
41        android:theme="@style/Theme.Donner"
41-->src/main/AndroidManifest.xml:26:9-44
42        android:usesCleartextTraffic="true" >
42-->src/main/AndroidManifest.xml:27:9-44
43        <activity
43-->src/main/AndroidManifest.xml:28:9-30:39
44            android:name="com.example.donner.FullBoxActivity"
44-->src/main/AndroidManifest.xml:29:13-44
45            android:exported="true" />
45-->src/main/AndroidManifest.xml:30:13-36
46        <activity
46-->src/main/AndroidManifest.xml:31:9-33:39
47            android:name="com.example.donner.DonPanellActivity"
47-->src/main/AndroidManifest.xml:32:13-46
48            android:exported="true" />
48-->src/main/AndroidManifest.xml:33:13-36
49        <!--
50             The API key for Google Maps-based APIs is defined as a string resource.
51             (See the file "res/values/google_maps_api.xml").
52             Note that the API key is linked to the encryption key used to sign the APK.
53             You need a different API key for each encryption key, including the release key that is used to
54             sign the APK for publishing.
55             You can define the keys for the debug and release targets in src/debug/ and src/release/.
56        -->
57        <meta-data
57-->src/main/AndroidManifest.xml:42:9-44:55
58            android:name="com.google.android.geo.API_KEY"
58-->src/main/AndroidManifest.xml:43:13-58
59            android:value="@string/google_maps_key" />
59-->src/main/AndroidManifest.xml:44:13-52
60
61        <activity
61-->src/main/AndroidManifest.xml:46:9-49:63
62            android:name="com.example.donner.LocationActivity"
62-->src/main/AndroidManifest.xml:47:13-45
63            android:exported="true"
63-->src/main/AndroidManifest.xml:48:13-36
64            android:label="@string/title_activity_location" />
64-->src/main/AndroidManifest.xml:49:13-60
65        <activity
65-->src/main/AndroidManifest.xml:50:9-52:39
66            android:name="com.example.donner.AddDonation"
66-->src/main/AndroidManifest.xml:51:13-40
67            android:exported="true" />
67-->src/main/AndroidManifest.xml:52:13-36
68        <activity
68-->src/main/AndroidManifest.xml:53:9-55:39
69            android:name="com.example.donner.SignupActivity"
69-->src/main/AndroidManifest.xml:54:13-43
70            android:exported="true" />
70-->src/main/AndroidManifest.xml:55:13-36
71        <activity
71-->src/main/AndroidManifest.xml:56:9-64:20
72            android:name="com.example.donner.SplashScreenActivity"
72-->src/main/AndroidManifest.xml:57:13-49
73            android:exported="true" >
73-->src/main/AndroidManifest.xml:58:13-36
74            <intent-filter>
74-->src/main/AndroidManifest.xml:59:13-63:29
75                <action android:name="android.intent.action.MAIN" />
75-->src/main/AndroidManifest.xml:60:17-69
75-->src/main/AndroidManifest.xml:60:25-66
76
77                <category android:name="android.intent.category.LAUNCHER" />
77-->src/main/AndroidManifest.xml:62:17-77
77-->src/main/AndroidManifest.xml:62:27-74
78            </intent-filter>
79        </activity>
80        <activity
80-->src/main/AndroidManifest.xml:65:9-67:39
81            android:name="com.example.donner.DonationActivity"
81-->src/main/AndroidManifest.xml:66:13-45
82            android:exported="true" />
82-->src/main/AndroidManifest.xml:67:13-36
83        <activity
83-->src/main/AndroidManifest.xml:68:9-71:45
84            android:name="com.example.donner.LoginActivity"
84-->src/main/AndroidManifest.xml:69:13-42
85            android:exported="true" />
85-->src/main/AndroidManifest.xml:70:13-36
86        <activity
86-->src/main/AndroidManifest.xml:72:9-82:20
87            android:name="com.example.donner.MainActivity"
87-->src/main/AndroidManifest.xml:73:13-41
88            android:exported="true" >
88-->src/main/AndroidManifest.xml:74:13-36
89
90            <!-- <intent-filter> -->
91            <!-- <action android:name="android.intent.action.MAIN" /> -->
92
93
94            <!-- <category android:name="android.intent.category.LAUNCHER" /> -->
95            <!-- </intent-filter> -->
96        </activity>
97
98        <service
98-->[com.google.firebase:firebase-database:20.0.2] AndroidManifest.xml:29:9-35:19
99            android:name="com.google.firebase.components.ComponentDiscoveryService"
99-->[com.google.firebase:firebase-database:20.0.2] AndroidManifest.xml:30:13-84
100            android:directBootAware="true"
100-->[com.google.firebase:firebase-common:20.0.0] AndroidManifest.xml:35:13-43
101            android:exported="false" >
101-->[com.google.firebase:firebase-database:20.0.2] AndroidManifest.xml:31:13-37
102            <meta-data
102-->[com.google.firebase:firebase-database:20.0.2] AndroidManifest.xml:32:13-34:85
103                android:name="com.google.firebase.components:com.google.firebase.database.DatabaseRegistrar"
103-->[com.google.firebase:firebase-database:20.0.2] AndroidManifest.xml:33:17-109
104                android:value="com.google.firebase.components.ComponentRegistrar" />
104-->[com.google.firebase:firebase-database:20.0.2] AndroidManifest.xml:34:17-82
105            <meta-data
105-->[com.google.firebase:firebase-auth:21.0.1] AndroidManifest.xml:77:13-79:85
106                android:name="com.google.firebase.components:com.google.firebase.auth.FirebaseAuthRegistrar"
106-->[com.google.firebase:firebase-auth:21.0.1] AndroidManifest.xml:78:17-109
107                android:value="com.google.firebase.components.ComponentRegistrar" />
107-->[com.google.firebase:firebase-auth:21.0.1] AndroidManifest.xml:79:17-82
108            <meta-data
108-->[com.google.firebase:firebase-firestore:23.0.3] AndroidManifest.xml:20:13-22:85
109                android:name="com.google.firebase.components:com.google.firebase.firestore.FirestoreRegistrar"
109-->[com.google.firebase:firebase-firestore:23.0.3] AndroidManifest.xml:21:17-111
110                android:value="com.google.firebase.components.ComponentRegistrar" />
110-->[com.google.firebase:firebase-firestore:23.0.3] AndroidManifest.xml:22:17-82
111            <meta-data
111-->[com.google.android.gms:play-services-measurement-api:19.0.1] AndroidManifest.xml:30:13-32:85
112                android:name="com.google.firebase.components:com.google.firebase.analytics.connector.internal.AnalyticsConnectorRegistrar"
112-->[com.google.android.gms:play-services-measurement-api:19.0.1] AndroidManifest.xml:31:17-139
113                android:value="com.google.firebase.components.ComponentRegistrar" />
113-->[com.google.android.gms:play-services-measurement-api:19.0.1] AndroidManifest.xml:32:17-82
114            <meta-data
114-->[com.google.firebase:firebase-installations:17.0.0] AndroidManifest.xml:18:13-20:85
115                android:name="com.google.firebase.components:com.google.firebase.installations.FirebaseInstallationsRegistrar"
115-->[com.google.firebase:firebase-installations:17.0.0] AndroidManifest.xml:19:17-127
116                android:value="com.google.firebase.components.ComponentRegistrar" />
116-->[com.google.firebase:firebase-installations:17.0.0] AndroidManifest.xml:20:17-82
117        </service> <!-- Needs to be explicitly declared on P+ -->
118        <uses-library
118-->[com.google.android.gms:play-services-maps:17.0.0] AndroidManifest.xml:33:9-35:40
119            android:name="org.apache.http.legacy"
119-->[com.google.android.gms:play-services-maps:17.0.0] AndroidManifest.xml:34:13-50
120            android:required="false" />
120-->[com.google.android.gms:play-services-maps:17.0.0] AndroidManifest.xml:35:13-37
121
122        <provider
122-->[com.squareup.picasso:picasso:2.71828] AndroidManifest.xml:8:9-11:40
123            android:name="com.squareup.picasso.PicassoProvider"
123-->[com.squareup.picasso:picasso:2.71828] AndroidManifest.xml:9:13-64
124            android:authorities="com.example.donner.com.squareup.picasso"
124-->[com.squareup.picasso:picasso:2.71828] AndroidManifest.xml:10:13-72
125            android:exported="false" />
125-->[com.squareup.picasso:picasso:2.71828] AndroidManifest.xml:11:13-37
126
127        <activity
127-->[com.google.firebase:firebase-auth:21.0.1] AndroidManifest.xml:27:9-44:20
128            android:name="com.google.firebase.auth.internal.GenericIdpActivity"
128-->[com.google.firebase:firebase-auth:21.0.1] AndroidManifest.xml:28:13-80
129            android:excludeFromRecents="true"
129-->[com.google.firebase:firebase-auth:21.0.1] AndroidManifest.xml:29:13-46
130            android:exported="true"
130-->[com.google.firebase:firebase-auth:21.0.1] AndroidManifest.xml:30:13-36
131            android:launchMode="singleTask"
131-->[com.google.firebase:firebase-auth:21.0.1] AndroidManifest.xml:31:13-44
132            android:theme="@android:style/Theme.Translucent.NoTitleBar" >
132-->[com.google.firebase:firebase-auth:21.0.1] AndroidManifest.xml:32:13-72
133            <intent-filter>
133-->[com.google.firebase:firebase-auth:21.0.1] AndroidManifest.xml:33:13-43:29
134                <action android:name="android.intent.action.VIEW" />
134-->[com.google.firebase:firebase-auth:21.0.1] AndroidManifest.xml:34:17-69
134-->[com.google.firebase:firebase-auth:21.0.1] AndroidManifest.xml:34:25-66
135
136                <category android:name="android.intent.category.DEFAULT" />
136-->[com.google.firebase:firebase-auth:21.0.1] AndroidManifest.xml:36:17-76
136-->[com.google.firebase:firebase-auth:21.0.1] AndroidManifest.xml:36:27-73
137                <category android:name="android.intent.category.BROWSABLE" />
137-->[com.google.firebase:firebase-auth:21.0.1] AndroidManifest.xml:37:17-78
137-->[com.google.firebase:firebase-auth:21.0.1] AndroidManifest.xml:37:27-75
138
139                <data
139-->[com.google.firebase:firebase-auth:21.0.1] AndroidManifest.xml:39:17-42:51
140                    android:host="firebase.auth"
140-->[com.google.firebase:firebase-auth:21.0.1] AndroidManifest.xml:40:21-49
141                    android:path="/"
141-->[com.google.firebase:firebase-auth:21.0.1] AndroidManifest.xml:41:21-37
142                    android:scheme="genericidp" />
142-->[com.google.firebase:firebase-auth:21.0.1] AndroidManifest.xml:42:21-48
143            </intent-filter>
144        </activity>
145        <activity
145-->[com.google.firebase:firebase-auth:21.0.1] AndroidManifest.xml:45:9-62:20
146            android:name="com.google.firebase.auth.internal.RecaptchaActivity"
146-->[com.google.firebase:firebase-auth:21.0.1] AndroidManifest.xml:46:13-79
147            android:excludeFromRecents="true"
147-->[com.google.firebase:firebase-auth:21.0.1] AndroidManifest.xml:47:13-46
148            android:exported="true"
148-->[com.google.firebase:firebase-auth:21.0.1] AndroidManifest.xml:48:13-36
149            android:launchMode="singleTask"
149-->[com.google.firebase:firebase-auth:21.0.1] AndroidManifest.xml:49:13-44
150            android:theme="@android:style/Theme.Translucent.NoTitleBar" >
150-->[com.google.firebase:firebase-auth:21.0.1] AndroidManifest.xml:50:13-72
151            <intent-filter>
151-->[com.google.firebase:firebase-auth:21.0.1] AndroidManifest.xml:51:13-61:29
152                <action android:name="android.intent.action.VIEW" />
152-->[com.google.firebase:firebase-auth:21.0.1] AndroidManifest.xml:34:17-69
152-->[com.google.firebase:firebase-auth:21.0.1] AndroidManifest.xml:34:25-66
153
154                <category android:name="android.intent.category.DEFAULT" />
154-->[com.google.firebase:firebase-auth:21.0.1] AndroidManifest.xml:36:17-76
154-->[com.google.firebase:firebase-auth:21.0.1] AndroidManifest.xml:36:27-73
155                <category android:name="android.intent.category.BROWSABLE" />
155-->[com.google.firebase:firebase-auth:21.0.1] AndroidManifest.xml:37:17-78
155-->[com.google.firebase:firebase-auth:21.0.1] AndroidManifest.xml:37:27-75
156
157                <data
157-->[com.google.firebase:firebase-auth:21.0.1] AndroidManifest.xml:39:17-42:51
158                    android:host="firebase.auth"
158-->[com.google.firebase:firebase-auth:21.0.1] AndroidManifest.xml:40:21-49
159                    android:path="/"
159-->[com.google.firebase:firebase-auth:21.0.1] AndroidManifest.xml:41:21-37
160                    android:scheme="recaptcha" />
160-->[com.google.firebase:firebase-auth:21.0.1] AndroidManifest.xml:42:21-48
161            </intent-filter>
162        </activity>
163
164        <service
164-->[com.google.firebase:firebase-auth:21.0.1] AndroidManifest.xml:64:9-73:19
165            android:name="com.google.firebase.auth.api.fallback.service.FirebaseAuthFallbackService"
165-->[com.google.firebase:firebase-auth:21.0.1] AndroidManifest.xml:65:13-101
166            android:enabled="true"
166-->[com.google.firebase:firebase-auth:21.0.1] AndroidManifest.xml:66:13-35
167            android:exported="false" >
167-->[com.google.firebase:firebase-auth:21.0.1] AndroidManifest.xml:67:13-37
168            <intent-filter>
168-->[com.google.firebase:firebase-auth:21.0.1] AndroidManifest.xml:68:13-72:29
169                <action android:name="com.google.firebase.auth.api.gms.service.START" />
169-->[com.google.firebase:firebase-auth:21.0.1] AndroidManifest.xml:69:17-89
169-->[com.google.firebase:firebase-auth:21.0.1] AndroidManifest.xml:69:25-86
170
171                <category android:name="android.intent.category.DEFAULT" />
171-->[com.google.firebase:firebase-auth:21.0.1] AndroidManifest.xml:36:17-76
171-->[com.google.firebase:firebase-auth:21.0.1] AndroidManifest.xml:36:27-73
172            </intent-filter>
173        </service>
174
175        <provider
175-->[com.google.firebase:firebase-common:20.0.0] AndroidManifest.xml:26:9-31:39
176            android:name="com.google.firebase.provider.FirebaseInitProvider"
176-->[com.google.firebase:firebase-common:20.0.0] AndroidManifest.xml:27:13-77
177            android:authorities="com.example.donner.firebaseinitprovider"
177-->[com.google.firebase:firebase-common:20.0.0] AndroidManifest.xml:28:13-72
178            android:directBootAware="true"
178-->[com.google.firebase:firebase-common:20.0.0] AndroidManifest.xml:29:13-43
179            android:exported="false"
179-->[com.google.firebase:firebase-common:20.0.0] AndroidManifest.xml:30:13-37
180            android:initOrder="100" />
180-->[com.google.firebase:firebase-common:20.0.0] AndroidManifest.xml:31:13-36
181
182        <activity
182-->[com.google.android.gms:play-services-base:17.1.0] AndroidManifest.xml:23:9-26:75
183            android:name="com.google.android.gms.common.api.GoogleApiActivity"
183-->[com.google.android.gms:play-services-base:17.1.0] AndroidManifest.xml:24:13-79
184            android:exported="false"
184-->[com.google.android.gms:play-services-base:17.1.0] AndroidManifest.xml:25:13-37
185            android:theme="@android:style/Theme.Translucent.NoTitleBar" />
185-->[com.google.android.gms:play-services-base:17.1.0] AndroidManifest.xml:26:13-72
186
187        <receiver
187-->[com.google.android.gms:play-services-measurement:19.0.1] AndroidManifest.xml:29:9-33:20
188            android:name="com.google.android.gms.measurement.AppMeasurementReceiver"
188-->[com.google.android.gms:play-services-measurement:19.0.1] AndroidManifest.xml:30:13-85
189            android:enabled="true"
189-->[com.google.android.gms:play-services-measurement:19.0.1] AndroidManifest.xml:31:13-35
190            android:exported="false" >
190-->[com.google.android.gms:play-services-measurement:19.0.1] AndroidManifest.xml:32:13-37
191        </receiver>
192
193        <service
193-->[com.google.android.gms:play-services-measurement:19.0.1] AndroidManifest.xml:35:9-38:40
194            android:name="com.google.android.gms.measurement.AppMeasurementService"
194-->[com.google.android.gms:play-services-measurement:19.0.1] AndroidManifest.xml:36:13-84
195            android:enabled="true"
195-->[com.google.android.gms:play-services-measurement:19.0.1] AndroidManifest.xml:37:13-35
196            android:exported="false" />
196-->[com.google.android.gms:play-services-measurement:19.0.1] AndroidManifest.xml:38:13-37
197        <service
197-->[com.google.android.gms:play-services-measurement:19.0.1] AndroidManifest.xml:39:9-43:72
198            android:name="com.google.android.gms.measurement.AppMeasurementJobService"
198-->[com.google.android.gms:play-services-measurement:19.0.1] AndroidManifest.xml:40:13-87
199            android:enabled="true"
199-->[com.google.android.gms:play-services-measurement:19.0.1] AndroidManifest.xml:41:13-35
200            android:exported="false"
200-->[com.google.android.gms:play-services-measurement:19.0.1] AndroidManifest.xml:42:13-37
201            android:permission="android.permission.BIND_JOB_SERVICE" />
201-->[com.google.android.gms:play-services-measurement:19.0.1] AndroidManifest.xml:43:13-69
202
203        <meta-data
203-->[com.google.android.gms:play-services-basement:17.1.0] AndroidManifest.xml:23:9-25:69
204            android:name="com.google.android.gms.version"
204-->[com.google.android.gms:play-services-basement:17.1.0] AndroidManifest.xml:24:13-58
205            android:value="@integer/google_play_services_version" />
205-->[com.google.android.gms:play-services-basement:17.1.0] AndroidManifest.xml:25:13-66
206    </application>
207
208</manifest>